<?xml version="1.0" encoding="UTF-8"?>
<testsuite xmlns:xsi="http://www.w3.org/2001/XMLSchema-instance" xsi:noNamespaceSchemaLocation="https://maven.apache.org/surefire/maven-surefire-plugin/xsd/surefire-test-report.xsd" name="org.cloudfoundry.samples.music.ApplicationTests" time="20.931" tests="1" errors="0" skipped="0" failures="0">
  <properties>
    <property name="sun.desktop" value="windows"/>
    <property name="awt.toolkit" value="sun.awt.windows.WToolkit"/>
    <property name="file.encoding.pkg" value="sun.io"/>
    <property name="java.specification.version" value="1.8"/>
    <property name="sun.cpu.isalist" value="amd64"/>
    <property name="sun.jnu.encoding" value="Cp1252"/>
    <property name="java.class.path" value="C:\projects\spring-music-app-insights\target\test-classes;C:\projects\spring-music-app-insights\target\classes;C:\Users\elnerosl\.m2\repository\org\springframework\boot\spring-boot-starter-web\2.1.5.RELEASE\spring-boot-starter-web-2.1.5.RELEASE.jar;C:\Users\elnerosl\.m2\repository\org\springframework\boot\spring-boot-starter\2.1.5.RELEASE\spring-boot-starter-2.1.5.RELEASE.jar;C:\Users\elnerosl\.m2\repository\org\springframework\boot\spring-boot\2.1.5.RELEASE\spring-boot-2.1.5.RELEASE.jar;C:\Users\elnerosl\.m2\repository\org\springframework\boot\spring-boot-autoconfigure\2.1.5.RELEASE\spring-boot-autoconfigure-2.1.5.RELEASE.jar;C:\Users\elnerosl\.m2\repository\org\springframework\boot\spring-boot-starter-logging\2.1.5.RELEASE\spring-boot-starter-logging-2.1.5.RELEASE.jar;C:\Users\elnerosl\.m2\repository\org\apache\logging\log4j\log4j-to-slf4j\2.11.2\log4j-to-slf4j-2.11.2.jar;C:\Users\elnerosl\.m2\repository\org\apache\logging\log4j\log4j-api\2.11.2\log4j-api-2.11.2.jar;C:\Users\elnerosl\.m2\repository\org\slf4j\jul-to-slf4j\1.7.26\jul-to-slf4j-1.7.26.jar;C:\Users\elnerosl\.m2\repository\javax\annotation\javax.annotation-api\1.3.2\javax.annotation-api-1.3.2.jar;C:\Users\elnerosl\.m2\repository\org\yaml\snakeyaml\1.23\snakeyaml-1.23.jar;C:\Users\elnerosl\.m2\repository\org\springframework\boot\spring-boot-starter-json\2.1.5.RELEASE\spring-boot-starter-json-2.1.5.RELEASE.jar;C:\Users\elnerosl\.m2\repository\com\fasterxml\jackson\core\jackson-databind\2.9.8\jackson-databind-2.9.8.jar;C:\Users\elnerosl\.m2\repository\com\fasterxml\jackson\core\jackson-annotations\2.9.0\jackson-annotations-2.9.0.jar;C:\Users\elnerosl\.m2\repository\com\fasterxml\jackson\core\jackson-core\2.9.8\jackson-core-2.9.8.jar;C:\Users\elnerosl\.m2\repository\com\fasterxml\jackson\datatype\jackson-datatype-jdk8\2.9.8\jackson-datatype-jdk8-2.9.8.jar;C:\Users\elnerosl\.m2\repository\com\fasterxml\jackson\datatype\jackson-datatype-jsr310\2.9.8\jackson-datatype-jsr310-2.9.8.jar;C:\Users\elnerosl\.m2\repository\com\fasterxml\jackson\module\jackson-module-parameter-names\2.9.8\jackson-module-parameter-names-2.9.8.jar;C:\Users\elnerosl\.m2\repository\org\springframework\boot\spring-boot-starter-tomcat\2.1.5.RELEASE\spring-boot-starter-tomcat-2.1.5.RELEASE.jar;C:\Users\elnerosl\.m2\repository\org\apache\tomcat\embed\tomcat-embed-core\9.0.19\tomcat-embed-core-9.0.19.jar;C:\Users\elnerosl\.m2\repository\org\apache\tomcat\embed\tomcat-embed-el\9.0.19\tomcat-embed-el-9.0.19.jar;C:\Users\elnerosl\.m2\repository\org\apache\tomcat\embed\tomcat-embed-websocket\9.0.19\tomcat-embed-websocket-9.0.19.jar;C:\Users\elnerosl\.m2\repository\org\hibernate\validator\hibernate-validator\6.0.16.Final\hibernate-validator-6.0.16.Final.jar;C:\Users\elnerosl\.m2\repository\javax\validation\validation-api\2.0.1.Final\validation-api-2.0.1.Final.jar;C:\Users\elnerosl\.m2\repository\org\jboss\logging\jboss-logging\3.3.2.Final\jboss-logging-3.3.2.Final.jar;C:\Users\elnerosl\.m2\repository\com\fasterxml\classmate\1.4.0\classmate-1.4.0.jar;C:\Users\elnerosl\.m2\repository\org\springframework\spring-web\5.1.7.RELEASE\spring-web-5.1.7.RELEASE.jar;C:\Users\elnerosl\.m2\repository\org\springframework\spring-beans\5.1.7.RELEASE\spring-beans-5.1.7.RELEASE.jar;C:\Users\elnerosl\.m2\repository\org\springframework\spring-webmvc\5.1.7.RELEASE\spring-webmvc-5.1.7.RELEASE.jar;C:\Users\elnerosl\.m2\repository\org\springframework\spring-aop\5.1.7.RELEASE\spring-aop-5.1.7.RELEASE.jar;C:\Users\elnerosl\.m2\repository\org\springframework\spring-expression\5.1.7.RELEASE\spring-expression-5.1.7.RELEASE.jar;C:\Users\elnerosl\.m2\repository\org\springframework\boot\spring-boot-starter-data-jpa\2.1.5.RELEASE\spring-boot-starter-data-jpa-2.1.5.RELEASE.jar;C:\Users\elnerosl\.m2\repository\org\springframework\boot\spring-boot-starter-aop\2.1.5.RELEASE\spring-boot-starter-aop-2.1.5.RELEASE.jar;C:\Users\elnerosl\.m2\repository\org\aspectj\aspectjweaver\1.9.4\aspectjweaver-1.9.4.jar;C:\Users\elnerosl\.m2\repository\org\springframework\boot\spring-boot-starter-jdbc\2.1.5.RELEASE\spring-boot-starter-jdbc-2.1.5.RELEASE.jar;C:\Users\elnerosl\.m2\repository\com\zaxxer\HikariCP\3.2.0\HikariCP-3.2.0.jar;C:\Users\elnerosl\.m2\repository\org\springframework\spring-jdbc\5.1.7.RELEASE\spring-jdbc-5.1.7.RELEASE.jar;C:\Users\elnerosl\.m2\repository\javax\transaction\javax.transaction-api\1.3\javax.transaction-api-1.3.jar;C:\Users\elnerosl\.m2\repository\javax\xml\bind\jaxb-api\2.3.1\jaxb-api-2.3.1.jar;C:\Users\elnerosl\.m2\repository\javax\activation\javax.activation-api\1.2.0\javax.activation-api-1.2.0.jar;C:\Users\elnerosl\.m2\repository\org\hibernate\hibernate-core\5.3.10.Final\hibernate-core-5.3.10.Final.jar;C:\Users\elnerosl\.m2\repository\javax\persistence\javax.persistence-api\2.2\javax.persistence-api-2.2.jar;C:\Users\elnerosl\.m2\repository\org\javassist\javassist\3.23.2-GA\javassist-3.23.2-GA.jar;C:\Users\elnerosl\.m2\repository\net\bytebuddy\byte-buddy\1.9.12\byte-buddy-1.9.12.jar;C:\Users\elnerosl\.m2\repository\antlr\antlr\2.7.7\antlr-2.7.7.jar;C:\Users\elnerosl\.m2\repository\org\jboss\jandex\2.0.5.Final\jandex-2.0.5.Final.jar;C:\Users\elnerosl\.m2\repository\org\dom4j\dom4j\2.1.1\dom4j-2.1.1.jar;C:\Users\elnerosl\.m2\repository\org\hibernate\common\hibernate-commons-annotations\5.0.4.Final\hibernate-commons-annotations-5.0.4.Final.jar;C:\Users\elnerosl\.m2\repository\org\springframework\data\spring-data-jpa\2.1.8.RELEASE\spring-data-jpa-2.1.8.RELEASE.jar;C:\Users\elnerosl\.m2\repository\org\springframework\data\spring-data-commons\2.1.8.RELEASE\spring-data-commons-2.1.8.RELEASE.jar;C:\Users\elnerosl\.m2\repository\org\springframework\spring-orm\5.1.7.RELEASE\spring-orm-5.1.7.RELEASE.jar;C:\Users\elnerosl\.m2\repository\org\springframework\spring-tx\5.1.7.RELEASE\spring-tx-5.1.7.RELEASE.jar;C:\Users\elnerosl\.m2\repository\org\slf4j\slf4j-api\1.7.26\slf4j-api-1.7.26.jar;C:\Users\elnerosl\.m2\repository\org\springframework\spring-aspects\5.1.7.RELEASE\spring-aspects-5.1.7.RELEASE.jar;C:\Users\elnerosl\.m2\repository\org\springframework\boot\spring-boot-starter-data-mongodb\2.1.5.RELEASE\spring-boot-starter-data-mongodb-2.1.5.RELEASE.jar;C:\Users\elnerosl\.m2\repository\org\mongodb\mongodb-driver\3.8.2\mongodb-driver-3.8.2.jar;C:\Users\elnerosl\.m2\repository\org\mongodb\bson\3.8.2\bson-3.8.2.jar;C:\Users\elnerosl\.m2\repository\org\mongodb\mongodb-driver-core\3.8.2\mongodb-driver-core-3.8.2.jar;C:\Users\elnerosl\.m2\repository\org\springframework\data\spring-data-mongodb\2.1.8.RELEASE\spring-data-mongodb-2.1.8.RELEASE.jar;C:\Users\elnerosl\.m2\repository\org\springframework\cloud\spring-cloud-spring-service-connector\2.0.1.RELEASE\spring-cloud-spring-service-connector-2.0.1.RELEASE.jar;C:\Users\elnerosl\.m2\repository\org\springframework\cloud\spring-cloud-connectors-core\2.0.5.RELEASE\spring-cloud-connectors-core-2.0.5.RELEASE.jar;C:\Users\elnerosl\.m2\repository\org\springframework\spring-context\5.1.7.RELEASE\spring-context-5.1.7.RELEASE.jar;C:\Users\elnerosl\.m2\repository\org\springframework\cloud\spring-cloud-cloudfoundry-connector\2.0.1.RELEASE\spring-cloud-cloudfoundry-connector-2.0.1.RELEASE.jar;C:\Users\elnerosl\.m2\repository\commons-dbcp\commons-dbcp\1.4\commons-dbcp-1.4.jar;C:\Users\elnerosl\.m2\repository\commons-pool\commons-pool\1.6\commons-pool-1.6.jar;C:\Users\elnerosl\.m2\repository\com\h2database\h2\1.4.199\h2-1.4.199.jar;C:\Users\elnerosl\.m2\repository\mysql\mysql-connector-java\8.0.16\mysql-connector-java-8.0.16.jar;C:\Users\elnerosl\.m2\repository\org\postgresql\postgresql\42.2.5\postgresql-42.2.5.jar;C:\Users\elnerosl\.m2\repository\com\microsoft\sqlserver\mssql-jdbc\6.4.0.jre8\mssql-jdbc-6.4.0.jre8.jar;C:\Users\elnerosl\.m2\repository\org\webjars\bootstrap\3.1.1\bootstrap-3.1.1.jar;C:\Users\elnerosl\.m2\repository\org\webjars\angularjs\1.2.16\angularjs-1.2.16.jar;C:\Users\elnerosl\.m2\repository\org\webjars\angular-ui\0.4.0-2\angular-ui-0.4.0-2.jar;C:\Users\elnerosl\.m2\repository\org\webjars\angular-ui-bootstrap\0.10.0-1\angular-ui-bootstrap-0.10.0-1.jar;C:\Users\elnerosl\.m2\repository\org\webjars\jquery\2.1.0-2\jquery-2.1.0-2.jar;C:\Users\elnerosl\.m2\repository\com\microsoft\azure\applicationinsights-spring-boot-starter\1.2.0-BETA\applicationinsights-spring-boot-starter-1.2.0-BETA.jar;C:\Users\elnerosl\.m2\repository\com\microsoft\azure\applicationinsights-core\2.4.0-BETA\applicationinsights-core-2.4.0-BETA.jar;C:\Users\elnerosl\.m2\repository\com\microsoft\azure\applicationinsights-web\2.4.0-BETA\applicationinsights-web-2.4.0-BETA.jar;C:\Users\elnerosl\.m2\repository\com\microsoft\azure\applicationinsights-logging-logback\2.4.0-BETA\applicationinsights-logging-logback-2.4.0-BETA.jar;C:\Users\elnerosl\.m2\repository\ch\qos\logback\logback-classic\1.2.3\logback-classic-1.2.3.jar;C:\Users\elnerosl\.m2\repository\ch\qos\logback\logback-core\1.2.3\logback-core-1.2.3.jar;C:\Users\elnerosl\.m2\repository\com\microsoft\azure\azure-spring-boot-metrics-starter\2.1.6\azure-spring-boot-metrics-starter-2.1.6.jar;C:\Users\elnerosl\.m2\repository\com\microsoft\azure\azure-spring-boot-starter\2.1.6\azure-spring-boot-starter-2.1.6.jar;C:\Users\elnerosl\.m2\repository\org\springframework\boot\spring-boot-starter-validation\2.1.5.RELEASE\spring-boot-starter-validation-2.1.5.RELEASE.jar;C:\Users\elnerosl\.m2\repository\com\microsoft\azure\azure-spring-boot\2.1.6\azure-spring-boot-2.1.6.jar;C:\Users\elnerosl\.m2\repository\io\micrometer\micrometer-registry-azure-monitor\1.1.4\micrometer-registry-azure-monitor-1.1.4.jar;C:\Users\elnerosl\.m2\repository\io\micrometer\micrometer-core\1.1.4\micrometer-core-1.1.4.jar;C:\Users\elnerosl\.m2\repository\org\hdrhistogram\HdrHistogram\2.1.9\HdrHistogram-2.1.9.jar;C:\Users\elnerosl\.m2\repository\org\latencyutils\LatencyUtils\2.0.3\LatencyUtils-2.0.3.jar;C:\Users\elnerosl\.m2\repository\org\springframework\boot\spring-boot-actuator-autoconfigure\2.1.5.RELEASE\spring-boot-actuator-autoconfigure-2.1.5.RELEASE.jar;C:\Users\elnerosl\.m2\repository\org\springframework\boot\spring-boot-actuator\2.1.5.RELEASE\spring-boot-actuator-2.1.5.RELEASE.jar;C:\Users\elnerosl\.m2\repository\org\apache\httpcomponents\httpclient\4.5.9\httpclient-4.5.9.jar;C:\Users\elnerosl\.m2\repository\org\apache\httpcomponents\httpcore\4.4.11\httpcore-4.4.11.jar;C:\Users\elnerosl\.m2\repository\commons-codec\commons-codec\1.11\commons-codec-1.11.jar;C:\Users\elnerosl\.m2\repository\org\springframework\boot\spring-boot-starter-test\2.1.5.RELEASE\spring-boot-starter-test-2.1.5.RELEASE.jar;C:\Users\elnerosl\.m2\repository\org\springframework\boot\spring-boot-test\2.1.5.RELEASE\spring-boot-test-2.1.5.RELEASE.jar;C:\Users\elnerosl\.m2\repository\org\springframework\boot\spring-boot-test-autoconfigure\2.1.5.RELEASE\spring-boot-test-autoconfigure-2.1.5.RELEASE.jar;C:\Users\elnerosl\.m2\repository\com\jayway\jsonpath\json-path\2.4.0\json-path-2.4.0.jar;C:\Users\elnerosl\.m2\repository\net\minidev\json-smart\2.3\json-smart-2.3.jar;C:\Users\elnerosl\.m2\repository\net\minidev\accessors-smart\1.2\accessors-smart-1.2.jar;C:\Users\elnerosl\.m2\repository\org\ow2\asm\asm\5.0.4\asm-5.0.4.jar;C:\Users\elnerosl\.m2\repository\junit\junit\4.12\junit-4.12.jar;C:\Users\elnerosl\.m2\repository\org\assertj\assertj-core\3.11.1\assertj-core-3.11.1.jar;C:\Users\elnerosl\.m2\repository\org\mockito\mockito-core\2.23.4\mockito-core-2.23.4.jar;C:\Users\elnerosl\.m2\repository\net\bytebuddy\byte-buddy-agent\1.9.12\byte-buddy-agent-1.9.12.jar;C:\Users\elnerosl\.m2\repository\org\objenesis\objenesis\2.6\objenesis-2.6.jar;C:\Users\elnerosl\.m2\repository\org\hamcrest\hamcrest-core\1.3\hamcrest-core-1.3.jar;C:\Users\elnerosl\.m2\repository\org\hamcrest\hamcrest-library\1.3\hamcrest-library-1.3.jar;C:\Users\elnerosl\.m2\repository\org\skyscreamer\jsonassert\1.5.0\jsonassert-1.5.0.jar;C:\Users\elnerosl\.m2\repository\com\vaadin\external\google\android-json\0.0.20131108.vaadin1\android-json-0.0.20131108.vaadin1.jar;C:\Users\elnerosl\.m2\repository\org\springframework\spring-core\5.1.7.RELEASE\spring-core-5.1.7.RELEASE.jar;C:\Users\elnerosl\.m2\repository\org\springframework\spring-jcl\5.1.7.RELEASE\spring-jcl-5.1.7.RELEASE.jar;C:\Users\elnerosl\.m2\repository\org\springframework\spring-test\5.1.7.RELEASE\spring-test-5.1.7.RELEASE.jar;C:\Users\elnerosl\.m2\repository\org\xmlunit\xmlunit-core\2.6.2\xmlunit-core-2.6.2.jar;"/>
    <property name="java.vm.vendor" value="Oracle Corporation"/>
    <property name="sun.arch.data.model" value="64"/>
    <property name="user.variant" value=""/>
    <property name="java.vendor.url" value="http://java.oracle.com/"/>
    <property name="user.timezone" value="America/New_York"/>
    <property name="java.vm.specification.version" value="1.8"/>
    <property name="os.name" value="Windows 10"/>
    <property name="user.country" value="US"/>
    <property name="sun.java.launcher" value="SUN_STANDARD"/>
    <property name="sun.boot.library.path" value="C:\Tools\Java\jdk1.8\jre\bin"/>
    <property name="sun.java.command" value="C:\Users\elnerosl\AppData\Local\Temp\surefire5534971548877569724\surefirebooter4376890494327274166.jar C:\Users\elnerosl\AppData\Local\Temp\surefire5534971548877569724 2019-06-16T21-17-07_745-jvmRun1 surefire8003359933061093998tmp surefire_08716110044976855697tmp"/>
    <property name="surefire.test.class.path" value="C:\projects\spring-music-app-insights\target\test-classes;C:\projects\spring-music-app-insights\target\classes;C:\Users\elnerosl\.m2\repository\org\springframework\boot\spring-boot-starter-web\2.1.5.RELEASE\spring-boot-starter-web-2.1.5.RELEASE.jar;C:\Users\elnerosl\.m2\repository\org\springframework\boot\spring-boot-starter\2.1.5.RELEASE\spring-boot-starter-2.1.5.RELEASE.jar;C:\Users\elnerosl\.m2\repository\org\springframework\boot\spring-boot\2.1.5.RELEASE\spring-boot-2.1.5.RELEASE.jar;C:\Users\elnerosl\.m2\repository\org\springframework\boot\spring-boot-autoconfigure\2.1.5.RELEASE\spring-boot-autoconfigure-2.1.5.RELEASE.jar;C:\Users\elnerosl\.m2\repository\org\springframework\boot\spring-boot-starter-logging\2.1.5.RELEASE\spring-boot-starter-logging-2.1.5.RELEASE.jar;C:\Users\elnerosl\.m2\repository\org\apache\logging\log4j\log4j-to-slf4j\2.11.2\log4j-to-slf4j-2.11.2.jar;C:\Users\elnerosl\.m2\repository\org\apache\logging\log4j\log4j-api\2.11.2\log4j-api-2.11.2.jar;C:\Users\elnerosl\.m2\repository\org\slf4j\jul-to-slf4j\1.7.26\jul-to-slf4j-1.7.26.jar;C:\Users\elnerosl\.m2\repository\javax\annotation\javax.annotation-api\1.3.2\javax.annotation-api-1.3.2.jar;C:\Users\elnerosl\.m2\repository\org\yaml\snakeyaml\1.23\snakeyaml-1.23.jar;C:\Users\elnerosl\.m2\repository\org\springframework\boot\spring-boot-starter-json\2.1.5.RELEASE\spring-boot-starter-json-2.1.5.RELEASE.jar;C:\Users\elnerosl\.m2\repository\com\fasterxml\jackson\core\jackson-databind\2.9.8\jackson-databind-2.9.8.jar;C:\Users\elnerosl\.m2\repository\com\fasterxml\jackson\core\jackson-annotations\2.9.0\jackson-annotations-2.9.0.jar;C:\Users\elnerosl\.m2\repository\com\fasterxml\jackson\core\jackson-core\2.9.8\jackson-core-2.9.8.jar;C:\Users\elnerosl\.m2\repository\com\fasterxml\jackson\datatype\jackson-datatype-jdk8\2.9.8\jackson-datatype-jdk8-2.9.8.jar;C:\Users\elnerosl\.m2\repository\com\fasterxml\jackson\datatype\jackson-datatype-jsr310\2.9.8\jackson-datatype-jsr310-2.9.8.jar;C:\Users\elnerosl\.m2\repository\com\fasterxml\jackson\module\jackson-module-parameter-names\2.9.8\jackson-module-parameter-names-2.9.8.jar;C:\Users\elnerosl\.m2\repository\org\springframework\boot\spring-boot-starter-tomcat\2.1.5.RELEASE\spring-boot-starter-tomcat-2.1.5.RELEASE.jar;C:\Users\elnerosl\.m2\repository\org\apache\tomcat\embed\tomcat-embed-core\9.0.19\tomcat-embed-core-9.0.19.jar;C:\Users\elnerosl\.m2\repository\org\apache\tomcat\embed\tomcat-embed-el\9.0.19\tomcat-embed-el-9.0.19.jar;C:\Users\elnerosl\.m2\repository\org\apache\tomcat\embed\tomcat-embed-websocket\9.0.19\tomcat-embed-websocket-9.0.19.jar;C:\Users\elnerosl\.m2\repository\org\hibernate\validator\hibernate-validator\6.0.16.Final\hibernate-validator-6.0.16.Final.jar;C:\Users\elnerosl\.m2\repository\javax\validation\validation-api\2.0.1.Final\validation-api-2.0.1.Final.jar;C:\Users\elnerosl\.m2\repository\org\jboss\logging\jboss-logging\3.3.2.Final\jboss-logging-3.3.2.Final.jar;C:\Users\elnerosl\.m2\repository\com\fasterxml\classmate\1.4.0\classmate-1.4.0.jar;C:\Users\elnerosl\.m2\repository\org\springframework\spring-web\5.1.7.RELEASE\spring-web-5.1.7.RELEASE.jar;C:\Users\elnerosl\.m2\repository\org\springframework\spring-beans\5.1.7.RELEASE\spring-beans-5.1.7.RELEASE.jar;C:\Users\elnerosl\.m2\repository\org\springframework\spring-webmvc\5.1.7.RELEASE\spring-webmvc-5.1.7.RELEASE.jar;C:\Users\elnerosl\.m2\repository\org\springframework\spring-aop\5.1.7.RELEASE\spring-aop-5.1.7.RELEASE.jar;C:\Users\elnerosl\.m2\repository\org\springframework\spring-expression\5.1.7.RELEASE\spring-expression-5.1.7.RELEASE.jar;C:\Users\elnerosl\.m2\repository\org\springframework\boot\spring-boot-starter-data-jpa\2.1.5.RELEASE\spring-boot-starter-data-jpa-2.1.5.RELEASE.jar;C:\Users\elnerosl\.m2\repository\org\springframework\boot\spring-boot-starter-aop\2.1.5.RELEASE\spring-boot-starter-aop-2.1.5.RELEASE.jar;C:\Users\elnerosl\.m2\repository\org\aspectj\aspectjweaver\1.9.4\aspectjweaver-1.9.4.jar;C:\Users\elnerosl\.m2\repository\org\springframework\boot\spring-boot-starter-jdbc\2.1.5.RELEASE\spring-boot-starter-jdbc-2.1.5.RELEASE.jar;C:\Users\elnerosl\.m2\repository\com\zaxxer\HikariCP\3.2.0\HikariCP-3.2.0.jar;C:\Users\elnerosl\.m2\repository\org\springframework\spring-jdbc\5.1.7.RELEASE\spring-jdbc-5.1.7.RELEASE.jar;C:\Users\elnerosl\.m2\repository\javax\transaction\javax.transaction-api\1.3\javax.transaction-api-1.3.jar;C:\Users\elnerosl\.m2\repository\javax\xml\bind\jaxb-api\2.3.1\jaxb-api-2.3.1.jar;C:\Users\elnerosl\.m2\repository\javax\activation\javax.activation-api\1.2.0\javax.activation-api-1.2.0.jar;C:\Users\elnerosl\.m2\repository\org\hibernate\hibernate-core\5.3.10.Final\hibernate-core-5.3.10.Final.jar;C:\Users\elnerosl\.m2\repository\javax\persistence\javax.persistence-api\2.2\javax.persistence-api-2.2.jar;C:\Users\elnerosl\.m2\repository\org\javassist\javassist\3.23.2-GA\javassist-3.23.2-GA.jar;C:\Users\elnerosl\.m2\repository\net\bytebuddy\byte-buddy\1.9.12\byte-buddy-1.9.12.jar;C:\Users\elnerosl\.m2\repository\antlr\antlr\2.7.7\antlr-2.7.7.jar;C:\Users\elnerosl\.m2\repository\org\jboss\jandex\2.0.5.Final\jandex-2.0.5.Final.jar;C:\Users\elnerosl\.m2\repository\org\dom4j\dom4j\2.1.1\dom4j-2.1.1.jar;C:\Users\elnerosl\.m2\repository\org\hibernate\common\hibernate-commons-annotations\5.0.4.Final\hibernate-commons-annotations-5.0.4.Final.jar;C:\Users\elnerosl\.m2\repository\org\springframework\data\spring-data-jpa\2.1.8.RELEASE\spring-data-jpa-2.1.8.RELEASE.jar;C:\Users\elnerosl\.m2\repository\org\springframework\data\spring-data-commons\2.1.8.RELEASE\spring-data-commons-2.1.8.RELEASE.jar;C:\Users\elnerosl\.m2\repository\org\springframework\spring-orm\5.1.7.RELEASE\spring-orm-5.1.7.RELEASE.jar;C:\Users\elnerosl\.m2\repository\org\springframework\spring-tx\5.1.7.RELEASE\spring-tx-5.1.7.RELEASE.jar;C:\Users\elnerosl\.m2\repository\org\slf4j\slf4j-api\1.7.26\slf4j-api-1.7.26.jar;C:\Users\elnerosl\.m2\repository\org\springframework\spring-aspects\5.1.7.RELEASE\spring-aspects-5.1.7.RELEASE.jar;C:\Users\elnerosl\.m2\repository\org\springframework\boot\spring-boot-starter-data-mongodb\2.1.5.RELEASE\spring-boot-starter-data-mongodb-2.1.5.RELEASE.jar;C:\Users\elnerosl\.m2\repository\org\mongodb\mongodb-driver\3.8.2\mongodb-driver-3.8.2.jar;C:\Users\elnerosl\.m2\repository\org\mongodb\bson\3.8.2\bson-3.8.2.jar;C:\Users\elnerosl\.m2\repository\org\mongodb\mongodb-driver-core\3.8.2\mongodb-driver-core-3.8.2.jar;C:\Users\elnerosl\.m2\repository\org\springframework\data\spring-data-mongodb\2.1.8.RELEASE\spring-data-mongodb-2.1.8.RELEASE.jar;C:\Users\elnerosl\.m2\repository\org\springframework\cloud\spring-cloud-spring-service-connector\2.0.1.RELEASE\spring-cloud-spring-service-connector-2.0.1.RELEASE.jar;C:\Users\elnerosl\.m2\repository\org\springframework\cloud\spring-cloud-connectors-core\2.0.5.RELEASE\spring-cloud-connectors-core-2.0.5.RELEASE.jar;C:\Users\elnerosl\.m2\repository\org\springframework\spring-context\5.1.7.RELEASE\spring-context-5.1.7.RELEASE.jar;C:\Users\elnerosl\.m2\repository\org\springframework\cloud\spring-cloud-cloudfoundry-connector\2.0.1.RELEASE\spring-cloud-cloudfoundry-connector-2.0.1.RELEASE.jar;C:\Users\elnerosl\.m2\repository\commons-dbcp\commons-dbcp\1.4\commons-dbcp-1.4.jar;C:\Users\elnerosl\.m2\repository\commons-pool\commons-pool\1.6\commons-pool-1.6.jar;C:\Users\elnerosl\.m2\repository\com\h2database\h2\1.4.199\h2-1.4.199.jar;C:\Users\elnerosl\.m2\repository\mysql\mysql-connector-java\8.0.16\mysql-connector-java-8.0.16.jar;C:\Users\elnerosl\.m2\repository\org\postgresql\postgresql\42.2.5\postgresql-42.2.5.jar;C:\Users\elnerosl\.m2\repository\com\microsoft\sqlserver\mssql-jdbc\6.4.0.jre8\mssql-jdbc-6.4.0.jre8.jar;C:\Users\elnerosl\.m2\repository\org\webjars\bootstrap\3.1.1\bootstrap-3.1.1.jar;C:\Users\elnerosl\.m2\repository\org\webjars\angularjs\1.2.16\angularjs-1.2.16.jar;C:\Users\elnerosl\.m2\repository\org\webjars\angular-ui\0.4.0-2\angular-ui-0.4.0-2.jar;C:\Users\elnerosl\.m2\repository\org\webjars\angular-ui-bootstrap\0.10.0-1\angular-ui-bootstrap-0.10.0-1.jar;C:\Users\elnerosl\.m2\repository\org\webjars\jquery\2.1.0-2\jquery-2.1.0-2.jar;C:\Users\elnerosl\.m2\repository\com\microsoft\azure\applicationinsights-spring-boot-starter\1.2.0-BETA\applicationinsights-spring-boot-starter-1.2.0-BETA.jar;C:\Users\elnerosl\.m2\repository\com\microsoft\azure\applicationinsights-core\2.4.0-BETA\applicationinsights-core-2.4.0-BETA.jar;C:\Users\elnerosl\.m2\repository\com\microsoft\azure\applicationinsights-web\2.4.0-BETA\applicationinsights-web-2.4.0-BETA.jar;C:\Users\elnerosl\.m2\repository\com\microsoft\azure\applicationinsights-logging-logback\2.4.0-BETA\applicationinsights-logging-logback-2.4.0-BETA.jar;C:\Users\elnerosl\.m2\repository\ch\qos\logback\logback-classic\1.2.3\logback-classic-1.2.3.jar;C:\Users\elnerosl\.m2\repository\ch\qos\logback\logback-core\1.2.3\logback-core-1.2.3.jar;C:\Users\elnerosl\.m2\repository\com\microsoft\azure\azure-spring-boot-metrics-starter\2.1.6\azure-spring-boot-metrics-starter-2.1.6.jar;C:\Users\elnerosl\.m2\repository\com\microsoft\azure\azure-spring-boot-starter\2.1.6\azure-spring-boot-starter-2.1.6.jar;C:\Users\elnerosl\.m2\repository\org\springframework\boot\spring-boot-starter-validation\2.1.5.RELEASE\spring-boot-starter-validation-2.1.5.RELEASE.jar;C:\Users\elnerosl\.m2\repository\com\microsoft\azure\azure-spring-boot\2.1.6\azure-spring-boot-2.1.6.jar;C:\Users\elnerosl\.m2\repository\io\micrometer\micrometer-registry-azure-monitor\1.1.4\micrometer-registry-azure-monitor-1.1.4.jar;C:\Users\elnerosl\.m2\repository\io\micrometer\micrometer-core\1.1.4\micrometer-core-1.1.4.jar;C:\Users\elnerosl\.m2\repository\org\hdrhistogram\HdrHistogram\2.1.9\HdrHistogram-2.1.9.jar;C:\Users\elnerosl\.m2\repository\org\latencyutils\LatencyUtils\2.0.3\LatencyUtils-2.0.3.jar;C:\Users\elnerosl\.m2\repository\org\springframework\boot\spring-boot-actuator-autoconfigure\2.1.5.RELEASE\spring-boot-actuator-autoconfigure-2.1.5.RELEASE.jar;C:\Users\elnerosl\.m2\repository\org\springframework\boot\spring-boot-actuator\2.1.5.RELEASE\spring-boot-actuator-2.1.5.RELEASE.jar;C:\Users\elnerosl\.m2\repository\org\apache\httpcomponents\httpclient\4.5.9\httpclient-4.5.9.jar;C:\Users\elnerosl\.m2\repository\org\apache\httpcomponents\httpcore\4.4.11\httpcore-4.4.11.jar;C:\Users\elnerosl\.m2\repository\commons-codec\commons-codec\1.11\commons-codec-1.11.jar;C:\Users\elnerosl\.m2\repository\org\springframework\boot\spring-boot-starter-test\2.1.5.RELEASE\spring-boot-starter-test-2.1.5.RELEASE.jar;C:\Users\elnerosl\.m2\repository\org\springframework\boot\spring-boot-test\2.1.5.RELEASE\spring-boot-test-2.1.5.RELEASE.jar;C:\Users\elnerosl\.m2\repository\org\springframework\boot\spring-boot-test-autoconfigure\2.1.5.RELEASE\spring-boot-test-autoconfigure-2.1.5.RELEASE.jar;C:\Users\elnerosl\.m2\repository\com\jayway\jsonpath\json-path\2.4.0\json-path-2.4.0.jar;C:\Users\elnerosl\.m2\repository\net\minidev\json-smart\2.3\json-smart-2.3.jar;C:\Users\elnerosl\.m2\repository\net\minidev\accessors-smart\1.2\accessors-smart-1.2.jar;C:\Users\elnerosl\.m2\repository\org\ow2\asm\asm\5.0.4\asm-5.0.4.jar;C:\Users\elnerosl\.m2\repository\junit\junit\4.12\junit-4.12.jar;C:\Users\elnerosl\.m2\repository\org\assertj\assertj-core\3.11.1\assertj-core-3.11.1.jar;C:\Users\elnerosl\.m2\repository\org\mockito\mockito-core\2.23.4\mockito-core-2.23.4.jar;C:\Users\elnerosl\.m2\repository\net\bytebuddy\byte-buddy-agent\1.9.12\byte-buddy-agent-1.9.12.jar;C:\Users\elnerosl\.m2\repository\org\objenesis\objenesis\2.6\objenesis-2.6.jar;C:\Users\elnerosl\.m2\repository\org\hamcrest\hamcrest-core\1.3\hamcrest-core-1.3.jar;C:\Users\elnerosl\.m2\repository\org\hamcrest\hamcrest-library\1.3\hamcrest-library-1.3.jar;C:\Users\elnerosl\.m2\repository\org\skyscreamer\jsonassert\1.5.0\jsonassert-1.5.0.jar;C:\Users\elnerosl\.m2\repository\com\vaadin\external\google\android-json\0.0.20131108.vaadin1\android-json-0.0.20131108.vaadin1.jar;C:\Users\elnerosl\.m2\repository\org\springframework\spring-core\5.1.7.RELEASE\spring-core-5.1.7.RELEASE.jar;C:\Users\elnerosl\.m2\repository\org\springframework\spring-jcl\5.1.7.RELEASE\spring-jcl-5.1.7.RELEASE.jar;C:\Users\elnerosl\.m2\repository\org\springframework\spring-test\5.1.7.RELEASE\spring-test-5.1.7.RELEASE.jar;C:\Users\elnerosl\.m2\repository\org\xmlunit\xmlunit-core\2.6.2\xmlunit-core-2.6.2.jar;"/>
    <property name="sun.cpu.endian" value="little"/>
    <property name="user.home" value="C:\Users\elnerosl"/>
    <property name="user.language" value="en"/>
    <property name="java.specification.vendor" value="Oracle Corporation"/>
    <property name="java.home" value="C:\Tools\Java\jdk1.8\jre"/>
    <property name="basedir" value="C:\projects\spring-music-app-insights"/>
    <property name="file.separator" value="\"/>
    <property name="line.separator" value="&#10;"/>
    <property name="java.vm.specification.vendor" value="Oracle Corporation"/>
    <property name="java.specification.name" value="Java Platform API Specification"/>
    <property name="java.awt.graphicsenv" value="sun.awt.Win32GraphicsEnvironment"/>
    <property name="surefire.real.class.path" value="C:\Users\elnerosl\AppData\Local\Temp\surefire5534971548877569724\surefirebooter4376890494327274166.jar"/>
    <property name="sun.boot.class.path" value="C:\Tools\Java\jdk1.8\jre\lib\resources.jar;C:\Tools\Java\jdk1.8\jre\lib\rt.jar;C:\Tools\Java\jdk1.8\jre\lib\sunrsasign.jar;C:\Tools\Java\jdk1.8\jre\lib\jsse.jar;C:\Tools\Java\jdk1.8\jre\lib\jce.jar;C:\Tools\Java\jdk1.8\jre\lib\charsets.jar;C:\Tools\Java\jdk1.8\jre\lib\jfr.jar;C:\Tools\Java\jdk1.8\jre\classes"/>
    <property name="user.script" value=""/>
    <property name="sun.management.compiler" value="HotSpot 64-Bit Tiered Compilers"/>
    <property name="java.runtime.version" value="1.8.0_162-b12"/>
    <property name="user.name" value="eneros"/>
    <property name="path.separator" value=";"/>
    <property name="os.version" value="10.0"/>
    <property name="java.endorsed.dirs" value="C:\Tools\Java\jdk1.8\jre\lib\endorsed"/>
    <property name="java.runtime.name" value="Java(TM) SE Runtime Environment"/>
    <property name="file.encoding" value="Cp1252"/>
    <property name="java.vm.name" value="Java HotSpot(TM) 64-Bit Server VM"/>
    <property name="localRepository" value="C:\Users\elnerosl\.m2\repository"/>
    <property name="java.vendor.url.bug" value="http://bugreport.sun.com/bugreport/"/>
    <property name="java.io.tmpdir" value="C:\Users\elnerosl\AppData\Local\Temp\"/>
    <property name="java.version" value="1.8.0_162"/>
    <property name="user.dir" value="C:\projects\spring-music-app-insights"/>
    <property name="os.arch" value="amd64"/>
    <property name="java.vm.specification.name" value="Java Virtual Machine Specification"/>
    <property name="java.awt.printerjob" value="sun.awt.windows.WPrinterJob"/>
    <property name="sun.os.patch.level" value=""/>
    <property name="java.library.path" value="C:\Tools\Java\jdk1.8\jre\bin;C:\WINDOWS\Sun\Java\bin;C:\WINDOWS\system32;C:\WINDOWS;C:\Program Files (x86)\Common Files\Oracle\Java\javapath;C:\ProgramData\DockerDesktop\version-bin;C:\Program Files\Docker\Docker\Resources\bin;C:\ProgramData\Oracle\Java\javapath;C:\Program Files (x86)\Microsoft SDKs\Azure\CLI2\wbin;C:\Program Files\Common Files\Microsoft Shared\Microsoft Online Services;C:\Program Files (x86)\Common Files\Microsoft Shared\Microsoft Online Services;C:\windows\system32;C:\windows;C:\windows\System32\Wbem;C:\windows\System32\WindowsPowerShell\v1.0\;C:\Program Files\dotnet\;C:\Program Files\Microsoft SQL Server\130\Tools\Binn\;C:\Tools\Git\cmd;C:\Users\elnerosl\AppData\Local\Microsoft\WindowsApps;C:\Tools\Microsoft VS Code\bin;C:\Tools\CloudFoundry;C:\Tools\sbt\bin;C:\WINDOWS\system32;C:\WINDOWS;C:\WINDOWS\System32\Wbem;C:\WINDOWS\System32\WindowsPowerShell\v1.0\;C:\WINDOWS\System32\OpenSSH\;C:\Program Files (x86)\Microsoft SQL Server\Client SDK\ODBC\110\Tools\Binn\;C:\Program File;C:\Users\elnerosl\.azure-kubectl;C:\Users\elnerosl\AppData\Local\Microsoft\WindowsApps;C:\Tools\Microsoft VS Code\bin;C:\Tools\apache-maven-3.5.2\apache-maven-3.5.2\bin;C:\Program Files\MySQL\MySQL Server 5.7\bin;C:\Tools\Packer;C:\Tools\Terraform;C:\Tools\Graphviz2.38\bin;C:\Tools\helm;C:\Tools\kubectx-0.5.0;C:\Tools\GnuWin32\bin;C:\Tools\nodejs;C:\Users\elnerosl\.dotnet\tools;C:\Program Files\Azure Cosmos DB Emulator;C:\Tools\Python27;C:\Tools\Dig;C:\Program Files\Docker\Docker\Resources\bin;C:\Users\elnerosl\AppData\Roaming\npm;C:\Tools\Go1.11.4\bin;C:\Tools\hugo_0.53;C:\Tools\Java\jdk1.8\bin;;."/>
    <property name="java.vm.info" value="mixed mode"/>
    <property name="java.vendor" value="Oracle Corporation"/>
    <property name="java.vm.version" value="25.162-b12"/>
    <property name="java.rmi.server.randomIDs" value="true"/>
    <property name="java.ext.dirs" value="C:\Tools\Java\jdk1.8\jre\lib\ext;C:\WINDOWS\Sun\Java\lib\ext"/>
    <property name="sun.io.unicode.encoding" value="UnicodeLittle"/>
    <property name="java.class.version" value="52.0"/>
  </properties>
  <testcase name="contextLoads" classname="org.cloudfoundry.samples.music.ApplicationTests" time="0.169"/>
</testsuite>